   ** Warning **  Slab thickness [0.100 m] reset to 0.123 m  for computational stability.
 3-D SLAB MODEL INPUT SUMMARY

	RUN IDENTIFIER: SLAB 
	WEATHER FILE ID: Austin Mueller Municipal Ap  U TX USA TMY3
	LONGITUDE (DEG):   97.7 LATITUDE (DEG):  30.3
	STANDARD TIME MERIDIAN (DEG):  105.0
	ELEVATION (M):  213.0

 SOIL AND SURFACE PROPERTIES:

 ALBEDO:
 NO SNOW: 0.1600     SNOW: 0.4000    
 LONG-WAVE EMISSIVITY:
 NO SNOW: 0.9000     SNOW: 0.9000    
 ROUGHNESS LENGTH (CM):
 NO SNOW: 0.7500    	SNOW: 0.5000E-01
 DENSITY (KG/M**3):  1200.    
 SPECIFIC HEAT (J/KG/K):  1200.    
 THERMAL CONDUCTIVTTY (W/M/K):  1.000    

 FLOOR MATERIAL PROPERTIES AND DIMENSIONS:

 DENSITY:  2300.    
 SPECIFIC HEAT:  650.0    
 THERMAL CONDUCTIVITY: 0.9000    
 UNDER-SLAB INSULATION:	RESISTANCE (M**2 K/W):  0.000     WIDTH (M):  0.000    
 FOUNDATION WALL INSULATION RESISTANCE (M**2 K/W):  0.000     DEPTH (m):  1.500    
 FLOOR SHAPE: 0
 FLOOR AREA (M**2):  108.1    
 PERIMETER (M):  41.59    
 MIN X (M): -5.199     MAX X:  5.199    
 MIN Y (M): -5.199     MAX Y:  5.199    
 FLOOR THICKNESS (M): 0.1227    
 BUILDING HEIGHT (M):  4.000    

 BOUNDARY CONDITIONS:

 INSIDE AIR TEMP(June). (C): 23.88    
 FLOOR-AIR HEAT TRANSFER COEFF. (W/M**2/K): 
 Q INTO FLOOR:  6.000     Q OUT OF FLOOR:  9.000    
 ZERO EVAPORATION SURFACE BOUNDARY
 NO SHADING OF GROUND BY BUILDING INCLUDED
 FIXED TEMPERATURE LOWER BOUNDARY
 CELL X-COORDINATES (M):
 -20.20 -17.20 -14.20 -11.20  -8.20  -7.20  -6.20  -5.70  -5.40  -5.20
  -5.00  -4.70  -4.20  -3.20  -2.20  -0.20   0.00   0.20   2.20   3.20
   4.20   4.70   5.00   5.20   5.40   5.70   6.20   7.20   8.20  11.20
  14.20  17.20  20.20
 CELL Y-COORDINATES (M):
 -20.20 -17.20 -14.20 -11.20  -8.20  -7.20  -6.20  -5.70  -5.40  -5.20
  -5.00  -4.70  -4.20  -3.20  -2.20  -0.20   0.00   0.20   2.20   3.20
   4.20   4.70   5.00   5.20   5.40   5.70   6.20   7.20   8.20  11.20
  14.20  17.20  20.20
 CELL Z-COORDINATES (M):
   0.00   0.12   0.37   0.53   1.00   1.50   2.00   3.00   4.00  15.00

MAXITER=    10
Convergence Tolerance=      0.100    
